2017-01-30 00:17:08,795 [INFO] from play.api.libs.concurrent.ActorSystemProvider in pool-4-thread-2 - Starting application default Akka system: application
2017-01-30 00:17:08,949 [INFO] from play.core.server.NettyServer in pool-4-thread-2 - Listening for HTTP on /0:0:0:0:0:0:0:0:9000
2017-01-30 00:17:14,623 [ERROR] from application in New I/O worker #1 - 

! @72pd325i3 - Internal server error, for (GET) [/] ->
 
play.sbt.PlayExceptions$CompilationException: Compilation error[value goGame is not a member of controllers.ReverseApplication]
	at play.sbt.PlayExceptions$CompilationException$.apply(PlayExceptions.scala:27) ~[na:na]
	at play.sbt.PlayExceptions$CompilationException$.apply(PlayExceptions.scala:27) ~[na:na]
	at scala.Option.map(Option.scala:145) ~[scala-library-2.11.7.jar:na]
	at play.sbt.run.PlayReload$$anonfun$taskFailureHandler$1.apply(PlayReload.scala:49) ~[na:na]
	at play.sbt.run.PlayReload$$anonfun$taskFailureHandler$1.apply(PlayReload.scala:44) ~[na:na]
	at scala.Option.map(Option.scala:145) ~[scala-library-2.11.7.jar:na]
	at play.sbt.run.PlayReload$.taskFailureHandler(PlayReload.scala:44) ~[na:na]
	at play.sbt.run.PlayReload$.compileFailure(PlayReload.scala:40) ~[na:na]
	at play.sbt.run.PlayReload$$anonfun$compile$1.apply(PlayReload.scala:17) ~[na:na]
	at play.sbt.run.PlayReload$$anonfun$compile$1.apply(PlayReload.scala:17) ~[na:na]
	at scala.util.Either$LeftProjection.map(Either.scala:377) ~[scala-library-2.11.7.jar:na]
	at play.sbt.run.PlayReload$.compile(PlayReload.scala:17) ~[na:na]
	at play.sbt.run.PlayRun$$anonfun$playRunTask$1$$anonfun$apply$2$$anonfun$apply$3$$anonfun$2.apply(PlayRun.scala:60) ~[na:na]
	at play.sbt.run.PlayRun$$anonfun$playRunTask$1$$anonfun$apply$2$$anonfun$apply$3$$anonfun$2.apply(PlayRun.scala:60) ~[na:na]
	at play.runsupport.Reloader.reload(Reloader.scala:305) ~[na:na]
	at play.core.server.DevServerStart$$anonfun$mainDev$1$$anon$1$$anonfun$get$1.apply(DevServerStart.scala:113) ~[play-server_2.11-2.4.2.jar:2.4.2]
	at play.core.server.DevServerStart$$anonfun$mainDev$1$$anon$1$$anonfun$get$1.apply(DevServerStart.scala:111) ~[play-server_2.11-2.4.2.jar:2.4.2]
	at scala.concurrent.impl.Future$PromiseCompletingRunnable.liftedTree1$1(Future.scala:24) ~[scala-library-2.11.7.jar:na]
	at scala.concurrent.impl.Future$PromiseCompletingRunnable.run(Future.scala:24) ~[scala-library-2.11.7.jar:na]
	at java.util.concurrent.ForkJoinTask$RunnableExecuteAction.exec(ForkJoinTask.java:1402) ~[na:1.8.0_111]
	at java.util.concurrent.ForkJoinTask.doExec(ForkJoinTask.java:289) ~[na:1.8.0_111]
	at java.util.concurrent.ForkJoinPool$WorkQueue.runTask(ForkJoinPool.java:1056) ~[na:1.8.0_111]
	at java.util.concurrent.ForkJoinPool.runWorker(ForkJoinPool.java:1692) ~[na:1.8.0_111]
	at java.util.concurrent.ForkJoinWorkerThread.run(ForkJoinWorkerThread.java:157) ~[na:1.8.0_111]
2017-01-30 00:17:30,464 [ERROR] from application in New I/O worker #1 - 

! @72pd33341 - Internal server error, for (GET) [/] ->
 
play.sbt.PlayExceptions$CompilationException: Compilation error[value goGame is not a member of controllers.ReverseApplication]
	at play.sbt.PlayExceptions$CompilationException$.apply(PlayExceptions.scala:27) ~[na:na]
	at play.sbt.PlayExceptions$CompilationException$.apply(PlayExceptions.scala:27) ~[na:na]
	at scala.Option.map(Option.scala:145) ~[scala-library-2.11.7.jar:na]
	at play.sbt.run.PlayReload$$anonfun$taskFailureHandler$1.apply(PlayReload.scala:49) ~[na:na]
	at play.sbt.run.PlayReload$$anonfun$taskFailureHandler$1.apply(PlayReload.scala:44) ~[na:na]
	at scala.Option.map(Option.scala:145) ~[scala-library-2.11.7.jar:na]
	at play.sbt.run.PlayReload$.taskFailureHandler(PlayReload.scala:44) ~[na:na]
	at play.sbt.run.PlayReload$.compileFailure(PlayReload.scala:40) ~[na:na]
	at play.sbt.run.PlayReload$$anonfun$compile$1.apply(PlayReload.scala:17) ~[na:na]
	at play.sbt.run.PlayReload$$anonfun$compile$1.apply(PlayReload.scala:17) ~[na:na]
	at scala.util.Either$LeftProjection.map(Either.scala:377) ~[scala-library-2.11.7.jar:na]
	at play.sbt.run.PlayReload$.compile(PlayReload.scala:17) ~[na:na]
	at play.sbt.run.PlayRun$$anonfun$playRunTask$1$$anonfun$apply$2$$anonfun$apply$3$$anonfun$2.apply(PlayRun.scala:60) ~[na:na]
	at play.sbt.run.PlayRun$$anonfun$playRunTask$1$$anonfun$apply$2$$anonfun$apply$3$$anonfun$2.apply(PlayRun.scala:60) ~[na:na]
	at play.runsupport.Reloader.reload(Reloader.scala:305) ~[na:na]
	at play.core.server.DevServerStart$$anonfun$mainDev$1$$anon$1$$anonfun$get$1.apply(DevServerStart.scala:113) ~[play-server_2.11-2.4.2.jar:2.4.2]
	at play.core.server.DevServerStart$$anonfun$mainDev$1$$anon$1$$anonfun$get$1.apply(DevServerStart.scala:111) ~[play-server_2.11-2.4.2.jar:2.4.2]
	at scala.concurrent.impl.Future$PromiseCompletingRunnable.liftedTree1$1(Future.scala:24) ~[scala-library-2.11.7.jar:na]
	at scala.concurrent.impl.Future$PromiseCompletingRunnable.run(Future.scala:24) ~[scala-library-2.11.7.jar:na]
	at java.util.concurrent.ForkJoinTask$RunnableExecuteAction.exec(ForkJoinTask.java:1402) ~[na:1.8.0_111]
	at java.util.concurrent.ForkJoinTask.doExec(ForkJoinTask.java:289) ~[na:1.8.0_111]
	at java.util.concurrent.ForkJoinPool$WorkQueue.runTask(ForkJoinPool.java:1056) ~[na:1.8.0_111]
	at java.util.concurrent.ForkJoinPool.runWorker(ForkJoinPool.java:1692) ~[na:1.8.0_111]
	at java.util.concurrent.ForkJoinWorkerThread.run(ForkJoinWorkerThread.java:157) ~[na:1.8.0_111]
2017-01-30 00:19:27,596 [WARN] from application in ForkJoinPool-1-worker-3 - Logger configuration in conf files is deprecated and has no effect. Use a logback configuration file instead.
2017-01-30 00:19:28,349 [INFO] from play.api.libs.concurrent.ActorSystemProvider in ForkJoinPool-1-worker-3 - Starting application default Akka system: application
2017-01-30 00:19:28,396 [INFO] from play.api.Play in ForkJoinPool-1-worker-3 - Application started (Dev)
